<?xml version="1.0" encoding="UTF-8"?>
<!-- Generated by org.testng.reporters.JUnitReportReporter -->
<testsuite skipped="0" hostname="USBLRDINESHK72" name="com.TestAutomationDemo.Runner.TestRunner" tests="1" failures="0" timestamp="2023-01-01T16:22:50 IST" time="5.087" errors="0">
  <testcase name="feature" time="5.087" classname="com.TestAutomationDemo.Runner.TestRunner"/>
  <system-out/>
</testsuite> <!-- com.TestAutomationDemo.Runner.TestRunner -->
